[0m[[0m[0mdebug[0m] [0m[0m> Exec(submit leeseunghyun217@gmail.com@lBGVCxzbvnKkq99A, Some(b4af351a-6e55-4d78-baea-cd05a49b3bca), Some(CommandSource(console0)))[0m
[0m[[0m[0mdebug[0m] [0m[0mEvaluating tasks: submit[0m
[0m[[0m[0mdebug[0m] [0m[0mRunning task... Cancel: Signal, check cycles: false, forcegc: true[0m
[0m[[0m[0minfo[0m] [0m[0mcompiling 2 Scala sources to /Users/seunghyunlee/Desktop/scala/fireworks/target/scala-3.3.0/classes ...[0m
[0m[[0m[31merror[0m] [0m[0mInvalid input to `submit`. The required syntax for `submit` is:[0m
[0m[[0m[31merror[0m] [0m[0msubmit <email-address> <submit-token>[0m
[0m[[0m[31merror[0m] [0m[0m[0m
[0m[[0m[31merror[0m] [0m[0mThe submit token is NOT YOUR LOGIN PASSWORD.[0m
[0m[[0m[31merror[0m] [0m[0mIt can be obtained from the assignment page:[0m
[0m[[0m[31merror[0m] [0m[0mhttps://www.coursera.org/learn/effective-scala/programming/jiQL9[0m
[0m[[0m[31merror[0m] [0m[0mor (for premium learners):[0m
[0m[[0m[31merror[0m] [0m[0mhttps://www.coursera.org/learn/effective-scala/programming/MT64m[0m
[0m[[0m[31merror[0m] [0m[0m                   [0m
[0m[[0m[31merror[0m] [0m[0m          [0m
[0m[[0m[31merror[0m] [0m[0mjava.lang.RuntimeException: Submission failed[0m
[0m[[0m[31merror[0m] [0m[0m	at scala.sys.package$.error(package.scala:30)[0m
[0m[[0m[31merror[0m] [0m[0m	at ch.epfl.lamp.StudentTasks$.failSubmit(StudentTasks.scala:130)[0m
[0m[[0m[31merror[0m] [0m[0m	at ch.epfl.lamp.CourseraStudent$.$anonfun$submitSetting$3(CourseraStudent.scala:91)[0m
[0m[[0m[31merror[0m] [0m[0m	at ch.epfl.lamp.CourseraStudent$.$anonfun$submitSetting$3$adapted(CourseraStudent.scala:45)[0m
[0m[[0m[31merror[0m] [0m[0m	at scala.Function1.$anonfun$compose$1(Function1.scala:49)[0m
[0m[[0m[31merror[0m] [0m[0m	at sbt.internal.util.$tilde$greater.$anonfun$$u2219$1(TypeFunctions.scala:62)[0m
[0m[[0m[31merror[0m] [0m[0m	at sbt.std.Transform$$anon$4.work(Transform.scala:68)[0m
[0m[[0m[31merror[0m] [0m[0m	at sbt.Execute.$anonfun$submit$2(Execute.scala:282)[0m
[0m[[0m[31merror[0m] [0m[0m	at sbt.internal.util.ErrorHandling$.wideConvert(ErrorHandling.scala:23)[0m
[0m[[0m[31merror[0m] [0m[0m	at sbt.Execute.work(Execute.scala:291)[0m
[0m[[0m[31merror[0m] [0m[0m	at sbt.Execute.$anonfun$submit$1(Execute.scala:282)[0m
[0m[[0m[31merror[0m] [0m[0m	at sbt.ConcurrentRestrictions$$anon$4.$anonfun$submitValid$1(ConcurrentRestrictions.scala:265)[0m
[0m[[0m[31merror[0m] [0m[0m	at sbt.CompletionService$$anon$2.call(CompletionService.scala:64)[0m
[0m[[0m[31merror[0m] [0m[0m	at java.base/java.util.concurrent.FutureTask.run(FutureTask.java:264)[0m
[0m[[0m[31merror[0m] [0m[0m	at java.base/java.util.concurrent.Executors$RunnableAdapter.call(Executors.java:515)[0m
[0m[[0m[31merror[0m] [0m[0m	at java.base/java.util.concurrent.FutureTask.run(FutureTask.java:264)[0m
[0m[[0m[31merror[0m] [0m[0m	at java.base/java.util.concurrent.ThreadPoolExecutor.runWorker(ThreadPoolExecutor.java:1128)[0m
[0m[[0m[31merror[0m] [0m[0m	at java.base/java.util.concurrent.ThreadPoolExecutor$Worker.run(ThreadPoolExecutor.java:628)[0m
[0m[[0m[31merror[0m] [0m[0m	at java.base/java.lang.Thread.run(Thread.java:834)[0m
[0m[[0m[31merror[0m] [0m[0m([31msubmit[0m) Submission failed[0m
[0m[[0m[31merror[0m] [0m[0mTotal time: 10 s, completed May 17, 2024, 6:02:00 PM[0m
[0m[[0m[0mdebug[0m] [0m[0m> Exec(shell, None, None)[0m
